c:\laboratory\greenwitch3\builds\visualstudio2013\x64\debug\app\binarydata.obj
c:\laboratory\greenwitch3\builds\visualstudio2013\x64\debug\app\include_juce_audio_basics.obj
c:\laboratory\greenwitch3\builds\visualstudio2013\x64\debug\app\include_juce_audio_devices.obj
c:\laboratory\greenwitch3\builds\visualstudio2013\x64\debug\app\include_juce_audio_formats.obj
c:\laboratory\greenwitch3\builds\visualstudio2013\x64\debug\app\include_juce_audio_processors.obj
c:\laboratory\greenwitch3\builds\visualstudio2013\x64\debug\app\midimessagedata.obj
c:\laboratory\greenwitch3\builds\visualstudio2013\x64\debug\app\sessiondata.obj
c:\laboratory\greenwitch3\builds\visualstudio2013\x64\debug\app\configurationfiles.obj
c:\laboratory\greenwitch3\builds\visualstudio2013\x64\debug\app\commonstuffs.obj
c:\laboratory\greenwitch3\builds\visualstudio2013\x64\debug\app\include_juce_core.obj
c:\laboratory\greenwitch3\builds\visualstudio2013\x64\debug\app\include_juce_graphics.obj
c:\laboratory\greenwitch3\builds\visualstudio2013\x64\debug\app\include_juce_gui_extra.obj
c:\laboratory\greenwitch3\builds\visualstudio2013\x64\debug\app\mididevicedata.obj
c:\laboratory\greenwitch3\builds\visualstudio2013\x64\debug\app\flexcomponent.obj
c:\laboratory\greenwitch3\builds\visualstudio2013\x64\debug\app\include_juce_cryptography.obj
c:\laboratory\greenwitch3\builds\visualstudio2013\x64\debug\app\include_juce_data_structures.obj
c:\laboratory\greenwitch3\builds\visualstudio2013\x64\debug\app\include_juce_events.obj
c:\laboratory\greenwitch3\builds\visualstudio2013\x64\debug\app\include_juce_gui_basics.obj
c:\laboratory\greenwitch3\builds\visualstudio2013\x64\debug\app\include_juce_opengl.obj
c:\laboratory\greenwitch3\builds\visualstudio2013\x64\debug\app\main.obj
c:\laboratory\greenwitch3\builds\visualstudio2013\x64\debug\app\maincomponent.obj
c:\laboratory\greenwitch3\builds\visualstudio2013\x64\debug\app\vc120.pdb
c:\laboratory\greenwitch3\builds\visualstudio2013\x64\debug\app\resources.res
c:\laboratory\greenwitch3\builds\visualstudio2013\x64\debug\app\greenwitch3_app.tlog\cl.command.1.tlog
c:\laboratory\greenwitch3\builds\visualstudio2013\x64\debug\app\greenwitch3_app.tlog\cl.read.1.tlog
c:\laboratory\greenwitch3\builds\visualstudio2013\x64\debug\app\greenwitch3_app.tlog\cl.write.1.tlog
c:\laboratory\greenwitch3\builds\visualstudio2013\x64\debug\app\greenwitch3_app.tlog\link.command.1.tlog
c:\laboratory\greenwitch3\builds\visualstudio2013\x64\debug\app\greenwitch3_app.tlog\link.read.1.tlog
c:\laboratory\greenwitch3\builds\visualstudio2013\x64\debug\app\greenwitch3_app.tlog\link.write.1.tlog
c:\laboratory\greenwitch3\builds\visualstudio2013\x64\debug\app\greenwitch3_app.tlog\rc.command.1.tlog
c:\laboratory\greenwitch3\builds\visualstudio2013\x64\debug\app\greenwitch3_app.tlog\rc.read.1.tlog
c:\laboratory\greenwitch3\builds\visualstudio2013\x64\debug\app\greenwitch3_app.tlog\rc.write.1.tlog
